<?xml version="1.0" encoding="UTF-8"?>
<testng-results ignored="0" total="1" passed="1" failed="0" skipped="0">
  <reporter-output>
  </reporter-output>
  <suite started-at="2020-02-21T14:07:21 IST" name="Default suite" finished-at="2020-02-21T14:09:21 IST" duration-ms="119955">
    <groups>
    </groups>
    <test started-at="2020-02-21T14:07:21 IST" name="Default test" finished-at="2020-02-21T14:09:21 IST" duration-ms="119955">
      <class name="login.Login_test">
        <test-method signature="Valid()[pri:0, instance:login.Login_test@4879dfad]" started-at="2020-02-21T14:07:22 IST" name="Valid" finished-at="2020-02-21T14:09:21 IST" duration-ms="119241" status="PASS">
          <reporter-output>
          </reporter-output>
        </test-method> <!-- Valid -->
      </class> <!-- login.Login_test -->
    </test> <!-- Default test -->
  </suite> <!-- Default suite -->
</testng-results>
